Vivado Simulator 2020.2
Copyright 1986-1999, 2001-2020 Xilinx, Inc. All Rights Reserved.
Running: F:/c/Vivado/Vivado/2020.2/bin/unwrapped/win64.o/xelab.exe -wto 962cbfc4a7304d3baf5ce03c4d868362 --incr --debug typical --relax --mt 2 -L xil_defaultlib -L unisims_ver -L unimacro_ver -L secureip --snapshot aes_tb_behav xil_defaultlib.aes_tb xil_defaultlib.glbl -log elaborate.log 
Using 2 slave threads.
Starting static elaboration
Pass Through NonSizing Optimizer
Completed static elaboration
Starting simulation data flow analysis
Completed simulation data flow analysis
Time Resolution for simulation is 1ps
Compiling module xil_defaultlib.aeskey
Compiling module xil_defaultlib.sbox
Compiling module xil_defaultlib.subbytes_default
Compiling module xil_defaultlib.shiftrow
Compiling module xil_defaultlib.mixcolumn
Compiling module xil_defaultlib.rounds
Compiling module xil_defaultlib.rounndlast
Compiling module xil_defaultlib.aesencrypt
Compiling module xil_defaultlib.invshiftrows
Compiling module xil_defaultlib.inv_sbox
Compiling module xil_defaultlib.invsubbytes_default
Compiling module xil_defaultlib.invmixcolumns
Compiling module xil_defaultlib.invrounds
Compiling module xil_defaultlib.aesdecrypt
Compiling module xil_defaultlib.main
Compiling module xil_defaultlib.aes_tb
Compiling module xil_defaultlib.glbl
Built simulation snapshot aes_tb_behav
